<?xml version="1.0" encoding="UTF-8"?>
<testsuite xmlns:xsi="http://www.w3.org/2001/XMLSchema-instance" xsi:noNamespaceSchemaLocation="https://maven.apache.org/surefire/maven-surefire-plugin/xsd/surefire-test-report-3.0.xsd" version="3.0" name="ru.roman.runners.Example1Test" time="0.069" tests="2" errors="0" skipped="0" failures="0">
  <properties>
[...]
</properties>
  <testcase name="Some title for a single test scenario" classname="Your First Feature" time="0.007">
    <system-out><![CDATA[
Scenario: Some title for a single test scenario &amp#27;[90m# example1/example1.feature:3&amp#27;[0m
Before sout
Given username and password - ����� ���������
  &amp#27;[32mGiven &amp#27;[0m&amp#27;[32musername and password&amp#27;[0m                   &amp#27;[90m# ru.roman.steps.example1.Example1Steps.setup()&amp#27;[0m
enter valid data - ����� ���������
  &amp#27;[32mWhen &amp#27;[0m&amp#27;[32menter valid data&amp#27;[0m                         &amp#27;[90m# ru.roman.steps.example1.Example1Steps.enterValidData()&amp#27;[0m
registration is successful - ����� ���������
  &amp#27;[32mThen &amp#27;[0m&amp#27;[32mregistration is successful&amp#27;[0m               &amp#27;[90m# ru.roman.steps.example1.Example1Steps.successful()&amp#27;[0m
]]></system-out>
  </testcase>
  <testcase name="Another scenario with a different title" classname="Your First Feature" time="0.004">
    <system-out><![CDATA[
Scenario: Another scenario with a different title &amp#27;[90m# example1/example1.feature:8&amp#27;[0m
Before sout
Given username and password - ����� ���������
  &amp#27;[32mGiven &amp#27;[0m&amp#27;[32musername and password&amp#27;[0m                     &amp#27;[90m# ru.roman.steps.example1.Example1Steps.setup()&amp#27;[0m
enter invalid data - ����� ���������
  &amp#27;[32mWhen &amp#27;[0m&amp#27;[32menter invalid data&amp#27;[0m                         &amp#27;[90m# ru.roman.steps.example1.Example1Steps.enterInvalidData()&amp#27;[0m
registration is unsuccessful - ����� ���������
  &amp#27;[32mThen &amp#27;[0m&amp#27;[32mregistration is unsuccessful&amp#27;[0m               &amp#27;[90m# ru.roman.steps.example1.Example1Steps.unsuccessful()&amp#27;[0m
]]></system-out>
  </testcase>
</testsuite>